<?xml version="1.0" encoding="UTF-8"?>
<!-- Generated by org.testng.reporters.JUnitReportReporter -->
<testsuite skipped="0" hostname="ANKITA-PC" name="com.amazon.testfiles.VerifyAmazonTest" tests="1" failures="0" timestamp="14 Feb 2020 16:49:11 GMT" time="219.895" errors="0">
  <testcase name="AmazonRun" time="219.895" classname="com.amazon.testfiles.VerifyAmazonTest"/>
</testsuite> <!-- com.amazon.testfiles.VerifyAmazonTest -->
